clang++ -O2 -std=c++14 -march=native andand.cpp -o andand
./andand
time: 0.454606  1111s: 999906
rm ./andand
clang++ -O2 -std=c++14 -march=native and.cpp -o and
./and
time: 0.456215  1111s: 999906
rm ./and
clang++ -O2 -std=c++14 -march=native mul.cpp -o mul
./mul
time: 0.472881  1111s: 999906
rm ./mul
clang++ -O2 -std=c++14 -march=native minus_mul_plus.cpp -o minus_mul_plus
./minus_mul_plus
time: 0.64145  1111s: 999906
rm ./minus_mul_plus
clang++ -O2 -std=c++14 -march=native minus_abs_plus.cpp -o minus_abs_plus
./minus_abs_plus
time: 0.531499  1111s: 999906
rm ./minus_abs_plus
clang++ -O2 -std=c++14 -march=native andand_double.cpp -o andand_double
./andand_double
time: 1.66894  1111s: 999906
rm ./andand_double
clang++ -O2 -std=c++14 -march=native andand_float.cpp -o andand_float
./andand_float
time: 1.51163  1111s: 999906
rm ./andand_float
clang++ -O2 -std=c++14 -march=native minus_mul_plus_double.cpp -o minus_mul_double_plus
./minus_mul_double_plus
time: 2.76128  1111s: 999906
rm ./minus_mul_double_plus
clang++ -O2 -std=c++14 -march=native compare_zero.cpp -o compare_zero
./compare_zero
time: 0.482205  0000s: 999117
rm compare_zero
clang++ -O2 -std=c++14 -march=native andand.cpp -o andand
./andand
time: 0.459733  1111s: 999906
rm ./andand
clang++ -O2 -std=c++14 -march=native and.cpp -o and
./and
time: 0.453957  1111s: 999906
rm ./and
clang++ -O2 -std=c++14 -march=native mul.cpp -o mul
./mul
time: 0.475346  1111s: 999906
rm ./mul
clang++ -O2 -std=c++14 -march=native minus_mul_plus.cpp -o minus_mul_plus
./minus_mul_plus
time: 0.641243  1111s: 999906
rm ./minus_mul_plus
clang++ -O2 -std=c++14 -march=native minus_abs_plus.cpp -o minus_abs_plus
./minus_abs_plus
time: 0.499855  1111s: 999906
rm ./minus_abs_plus
clang++ -O2 -std=c++14 -march=native andand_double.cpp -o andand_double
./andand_double
time: 1.69777  1111s: 999906
rm ./andand_double
clang++ -O2 -std=c++14 -march=native andand_float.cpp -o andand_float
./andand_float
time: 1.47285  1111s: 999906
rm ./andand_float
clang++ -O2 -std=c++14 -march=native minus_mul_plus_double.cpp -o minus_mul_double_plus
./minus_mul_double_plus
time: 3.34422  1111s: 999906
rm ./minus_mul_double_plus
clang++ -O2 -std=c++14 -march=native compare_zero.cpp -o compare_zero
./compare_zero
time: 0.480283  0000s: 999117
rm compare_zero
clang++ -O2 -std=c++14 -march=native andand.cpp -o andand
./andand
time: 0.484261  1111s: 999906
rm ./andand
clang++ -O2 -std=c++14 -march=native and.cpp -o and
./and
time: 0.459188  1111s: 999906
rm ./and
clang++ -O2 -std=c++14 -march=native mul.cpp -o mul
./mul
time: 0.470599  1111s: 999906
rm ./mul
clang++ -O2 -std=c++14 -march=native minus_mul_plus.cpp -o minus_mul_plus
./minus_mul_plus
time: 0.606443  1111s: 999906
rm ./minus_mul_plus
clang++ -O2 -std=c++14 -march=native minus_abs_plus.cpp -o minus_abs_plus
./minus_abs_plus
time: 0.500306  1111s: 999906
rm ./minus_abs_plus
clang++ -O2 -std=c++14 -march=native andand_double.cpp -o andand_double
./andand_double
time: 1.6967  1111s: 999906
rm ./andand_double
clang++ -O2 -std=c++14 -march=native andand_float.cpp -o andand_float
./andand_float
time: 1.4733  1111s: 999906
rm ./andand_float
clang++ -O2 -std=c++14 -march=native minus_mul_plus_double.cpp -o minus_mul_double_plus
./minus_mul_double_plus
time: 2.75659  1111s: 999906
rm ./minus_mul_double_plus
clang++ -O2 -std=c++14 -march=native compare_zero.cpp -o compare_zero
./compare_zero
time: 0.483164  0000s: 999117
rm compare_zero
clang++ -O2 -std=c++14 -march=native andand.cpp -o andand
./andand
time: 0.456842  1111s: 999906
rm ./andand
clang++ -O2 -std=c++14 -march=native and.cpp -o and
./and
time: 0.456294  1111s: 999906
rm ./and
clang++ -O2 -std=c++14 -march=native mul.cpp -o mul
./mul
time: 0.473667  1111s: 999906
rm ./mul
clang++ -O2 -std=c++14 -march=native minus_mul_plus.cpp -o minus_mul_plus
./minus_mul_plus
time: 0.610815  1111s: 999906
rm ./minus_mul_plus
clang++ -O2 -std=c++14 -march=native minus_abs_plus.cpp -o minus_abs_plus
./minus_abs_plus
time: 0.531338  1111s: 999906
rm ./minus_abs_plus
clang++ -O2 -std=c++14 -march=native andand_double.cpp -o andand_double
./andand_double
time: 1.74252  1111s: 999906
rm ./andand_double
clang++ -O2 -std=c++14 -march=native andand_float.cpp -o andand_float
./andand_float
time: 1.48928  1111s: 999906
rm ./andand_float
clang++ -O2 -std=c++14 -march=native minus_mul_plus_double.cpp -o minus_mul_double_plus
./minus_mul_double_plus
time: 2.75355  1111s: 999906
rm ./minus_mul_double_plus
clang++ -O2 -std=c++14 -march=native compare_zero.cpp -o compare_zero
./compare_zero
time: 0.512216  0000s: 999117
rm compare_zero
clang++ -O2 -std=c++14 -march=native andand.cpp -o andand
./andand
time: 0.526976  1111s: 999906
rm ./andand
clang++ -O2 -std=c++14 -march=native and.cpp -o and
./and
time: 0.453185  1111s: 999906
rm ./and
clang++ -O2 -std=c++14 -march=native mul.cpp -o mul
./mul
time: 0.472871  1111s: 999906
rm ./mul
clang++ -O2 -std=c++14 -march=native minus_mul_plus.cpp -o minus_mul_plus
./minus_mul_plus
time: 0.609956  1111s: 999906
rm ./minus_mul_plus
clang++ -O2 -std=c++14 -march=native minus_abs_plus.cpp -o minus_abs_plus
./minus_abs_plus
time: 0.497747  1111s: 999906
rm ./minus_abs_plus
clang++ -O2 -std=c++14 -march=native andand_double.cpp -o andand_double
./andand_double
time: 1.74043  1111s: 999906
rm ./andand_double
clang++ -O2 -std=c++14 -march=native andand_float.cpp -o andand_float
./andand_float
time: 1.46853  1111s: 999906
rm ./andand_float
clang++ -O2 -std=c++14 -march=native minus_mul_plus_double.cpp -o minus_mul_double_plus
./minus_mul_double_plus
time: 2.71335  1111s: 999906
rm ./minus_mul_double_plus
clang++ -O2 -std=c++14 -march=native compare_zero.cpp -o compare_zero
./compare_zero
time: 0.481324  0000s: 999117
rm compare_zero
clang++ -O2 -std=c++14 -march=native andand.cpp -o andand
./andand
time: 0.456498  1111s: 999906
rm ./andand
clang++ -O2 -std=c++14 -march=native and.cpp -o and
./and
time: 0.496006  1111s: 999906
rm ./and
clang++ -O2 -std=c++14 -march=native mul.cpp -o mul
./mul
time: 0.476144  1111s: 999906
rm ./mul
clang++ -O2 -std=c++14 -march=native minus_mul_plus.cpp -o minus_mul_plus
./minus_mul_plus
time: 0.614228  1111s: 999906
rm ./minus_mul_plus
clang++ -O2 -std=c++14 -march=native minus_abs_plus.cpp -o minus_abs_plus
./minus_abs_plus
time: 0.501929  1111s: 999906
rm ./minus_abs_plus
clang++ -O2 -std=c++14 -march=native andand_double.cpp -o andand_double
./andand_double
time: 1.66734  1111s: 999906
rm ./andand_double
clang++ -O2 -std=c++14 -march=native andand_float.cpp -o andand_float
./andand_float
time: 1.44302  1111s: 999906
rm ./andand_float
clang++ -O2 -std=c++14 -march=native minus_mul_plus_double.cpp -o minus_mul_double_plus
./minus_mul_double_plus
time: 2.75706  1111s: 999906
rm ./minus_mul_double_plus
clang++ -O2 -std=c++14 -march=native compare_zero.cpp -o compare_zero
./compare_zero
time: 0.480314  0000s: 999117
rm compare_zero
clang++ -O2 -std=c++14 -march=native andand.cpp -o andand
./andand
time: 0.455883  1111s: 999906
rm ./andand
clang++ -O2 -std=c++14 -march=native and.cpp -o and
./and
time: 0.49463  1111s: 999906
rm ./and
clang++ -O2 -std=c++14 -march=native mul.cpp -o mul
./mul
time: 0.51081  1111s: 999906
rm ./mul
clang++ -O2 -std=c++14 -march=native minus_mul_plus.cpp -o minus_mul_plus
./minus_mul_plus
time: 0.6405  1111s: 999906
rm ./minus_mul_plus
clang++ -O2 -std=c++14 -march=native minus_abs_plus.cpp -o minus_abs_plus
./minus_abs_plus
time: 0.497625  1111s: 999906
rm ./minus_abs_plus
clang++ -O2 -std=c++14 -march=native andand_double.cpp -o andand_double
./andand_double
time: 2.83648  1111s: 999906
rm ./andand_double
clang++ -O2 -std=c++14 -march=native andand_float.cpp -o andand_float
./andand_float
time: 1.47295  1111s: 999906
rm ./andand_float
clang++ -O2 -std=c++14 -march=native minus_mul_plus_double.cpp -o minus_mul_double_plus
./minus_mul_double_plus
time: 2.78492  1111s: 999906
rm ./minus_mul_double_plus
clang++ -O2 -std=c++14 -march=native compare_zero.cpp -o compare_zero
./compare_zero
time: 0.479021  0000s: 999117
rm compare_zero
clang++ -O2 -std=c++14 -march=native andand.cpp -o andand
./andand
time: 0.456088  1111s: 999906
rm ./andand
clang++ -O2 -std=c++14 -march=native and.cpp -o and
./and
time: 0.453164  1111s: 999906
rm ./and
clang++ -O2 -std=c++14 -march=native mul.cpp -o mul
./mul
time: 0.505738  1111s: 999906
rm ./mul
clang++ -O2 -std=c++14 -march=native minus_mul_plus.cpp -o minus_mul_plus
./minus_mul_plus
time: 0.605331  1111s: 999906
rm ./minus_mul_plus
clang++ -O2 -std=c++14 -march=native minus_abs_plus.cpp -o minus_abs_plus
./minus_abs_plus
time: 0.498741  1111s: 999906
rm ./minus_abs_plus
clang++ -O2 -std=c++14 -march=native andand_double.cpp -o andand_double
./andand_double
time: 1.67134  1111s: 999906
rm ./andand_double
clang++ -O2 -std=c++14 -march=native andand_float.cpp -o andand_float
./andand_float
time: 1.5086  1111s: 999906
rm ./andand_float
clang++ -O2 -std=c++14 -march=native minus_mul_plus_double.cpp -o minus_mul_double_plus
./minus_mul_double_plus
time: 3.23269  1111s: 999906
rm ./minus_mul_double_plus
clang++ -O2 -std=c++14 -march=native compare_zero.cpp -o compare_zero
./compare_zero
time: 0.478797  0000s: 999117
rm compare_zero
clang++ -O2 -std=c++14 -march=native andand.cpp -o andand
./andand
time: 0.451503  1111s: 999906
rm ./andand
clang++ -O2 -std=c++14 -march=native and.cpp -o and
./and
time: 0.457792  1111s: 999906
rm ./and
clang++ -O2 -std=c++14 -march=native mul.cpp -o mul
./mul
time: 0.477069  1111s: 999906
rm ./mul
clang++ -O2 -std=c++14 -march=native minus_mul_plus.cpp -o minus_mul_plus
./minus_mul_plus
time: 0.605968  1111s: 999906
rm ./minus_mul_plus
clang++ -O2 -std=c++14 -march=native minus_abs_plus.cpp -o minus_abs_plus
./minus_abs_plus
time: 0.502724  1111s: 999906
rm ./minus_abs_plus
clang++ -O2 -std=c++14 -march=native andand_double.cpp -o andand_double
./andand_double
time: 1.7026  1111s: 999906
rm ./andand_double
clang++ -O2 -std=c++14 -march=native andand_float.cpp -o andand_float
./andand_float
time: 1.5101  1111s: 999906
rm ./andand_float
clang++ -O2 -std=c++14 -march=native minus_mul_plus_double.cpp -o minus_mul_double_plus
./minus_mul_double_plus
time: 2.75513  1111s: 999906
rm ./minus_mul_double_plus
clang++ -O2 -std=c++14 -march=native compare_zero.cpp -o compare_zero
./compare_zero
time: 0.481336  0000s: 999117
rm compare_zero
clang++ -O2 -std=c++14 -march=native andand.cpp -o andand
./andand
time: 0.455856  1111s: 999906
rm ./andand
clang++ -O2 -std=c++14 -march=native and.cpp -o and
./and
time: 0.452307  1111s: 999906
rm ./and
clang++ -O2 -std=c++14 -march=native mul.cpp -o mul
./mul
time: 0.476253  1111s: 999906
rm ./mul
clang++ -O2 -std=c++14 -march=native minus_mul_plus.cpp -o minus_mul_plus
./minus_mul_plus
time: 0.636274  1111s: 999906
rm ./minus_mul_plus
clang++ -O2 -std=c++14 -march=native minus_abs_plus.cpp -o minus_abs_plus
./minus_abs_plus
time: 0.497806  1111s: 999906
rm ./minus_abs_plus
clang++ -O2 -std=c++14 -march=native andand_double.cpp -o andand_double
./andand_double
time: 1.69974  1111s: 999906
rm ./andand_double
clang++ -O2 -std=c++14 -march=native andand_float.cpp -o andand_float
./andand_float
time: 1.97475  1111s: 999906
rm ./andand_float
clang++ -O2 -std=c++14 -march=native minus_mul_plus_double.cpp -o minus_mul_double_plus
./minus_mul_double_plus
time: 2.75302  1111s: 999906
rm ./minus_mul_double_plus
clang++ -O2 -std=c++14 -march=native compare_zero.cpp -o compare_zero
./compare_zero
time: 0.479653  0000s: 999117
rm compare_zero
